Using pre-set license
Built from '2021.3/staging' branch; Version is '2021.3.6f1 (7da38d85baf6) revision 8233869'; Using compiler version '192829333'; Build Type 'Release'
OS: 'Windows 11  (10.0.22000) 64bit Core' Language: 'ko' Physical Memory: 7915 MB
BatchMode: 1, IsHumanControllingUs: 0, StartBugReporterOnCrash: 0, Is64bit: 1, IsPro: 1

COMMAND LINE ARGUMENTS:
C:\Program Files\Unity\Hub\Editor\2021.3.6f1\Editor\Unity.exe
-adb2
-batchMode
-noUpm
-name
AssetImportWorker0
-projectPath
C:/Samsung/Samsungfull
-logFile
Logs/AssetImportWorker0.log
-srvPort
58014
Successfully changed project path to: C:/Samsung/Samsungfull
C:/Samsung/Samsungfull
[UnityMemory] Configuration Parameters - Can be set up in boot.config
    "memorysetup-bucket-allocator-granularity=16"
    "memorysetup-bucket-allocator-bucket-count=8"
    "memorysetup-bucket-allocator-block-size=33554432"
    "memorysetup-bucket-allocator-block-count=8"
    "memorysetup-main-allocator-block-size=16777216"
    "memorysetup-thread-allocator-block-size=16777216"
    "memorysetup-gfx-main-allocator-block-size=16777216"
    "memorysetup-gfx-thread-allocator-block-size=16777216"
    "memorysetup-cache-allocator-block-size=4194304"
    "memorysetup-typetree-allocator-block-size=2097152"
    "memorysetup-profiler-bucket-allocator-granularity=16"
    "memorysetup-profiler-bucket-allocator-bucket-count=8"
    "memorysetup-profiler-bucket-allocator-block-size=33554432"
    "memorysetup-profiler-bucket-allocator-block-count=8"
    "memorysetup-profiler-allocator-block-size=16777216"
    "memorysetup-profiler-editor-allocator-block-size=1048576"
    "memorysetup-temp-allocator-size-main=16777216"
    "memorysetup-job-temp-allocator-block-size=2097152"
    "memorysetup-job-temp-allocator-block-size-background=1048576"
    "memorysetup-job-temp-allocator-reduction-small-platforms=262144"
    "memorysetup-temp-allocator-size-background-worker=32768"
    "memorysetup-temp-allocator-size-job-worker=262144"
    "memorysetup-temp-allocator-size-preload-manager=33554432"
    "memorysetup-temp-allocator-size-nav-mesh-worker=65536"
    "memorysetup-temp-allocator-size-audio-worker=65536"
    "memorysetup-temp-allocator-size-cloud-worker=32768"
    "memorysetup-temp-allocator-size-gi-baking-worker=262144"
    "memorysetup-temp-allocator-size-gfx=262144"
Refreshing native plugins compatible for Editor in 113.95 ms, found 3 plugins.
Preloading 0 native plugins for Editor in 0.00 ms.
Initialize engine version: 2021.3.6f1 (7da38d85baf6)
[Subsystems] Discovering subsystems at path C:/Program Files/Unity/Hub/Editor/2021.3.6f1/Editor/Data/Resources/UnitySubsystems
[Subsystems] Discovering subsystems at path C:/Samsung/Samsungfull/Assets
GfxDevice: creating device client; threaded=0; jobified=0
Direct3D:
    Version:  Direct3D 11.0 [level 11.1]
    Renderer: Intel(R) UHD Graphics (ID=0x9a78)
    Vendor:   Intel
    VRAM:     3957 MB
    Driver:   30.0.100.9805
Initialize mono
Mono path[0] = 'C:/Program Files/Unity/Hub/Editor/2021.3.6f1/Editor/Data/Managed'
Mono path[1] = 'C:/Program Files/Unity/Hub/Editor/2021.3.6f1/Editor/Data/MonoBleedingEdge/lib/mono/unityjit-win32'
Mono config path = 'C:/Program Files/Unity/Hub/Editor/2021.3.6f1/Editor/Data/MonoBleedingEdge/etc'
Using monoOptions --debugger-agent=transport=dt_socket,embedding=1,server=y,suspend=n,address=127.0.0.1:56992
Begin MonoManager ReloadAssembly
Registering precompiled unity dll's ...
Register platform support module: C:/Program Files/Unity/Hub/Editor/2021.3.6f1/Editor/Data/PlaybackEngines/AndroidPlayer/UnityEditor.Android.Extensions.dll
Register platform support module: C:/Program Files/Unity/Hub/Editor/2021.3.6f1/Editor/Data/PlaybackEngines/WindowsStandaloneSupport/UnityEditor.WindowsStandalone.Extensions.dll
Registered in 0.049514 seconds.
Native extension for WindowsStandalone target not found
Native extension for Android target not found
Refreshing native plugins compatible for Editor in 97.65 ms, found 3 plugins.
Preloading 0 native plugins for Editor in 0.00 ms.
Mono: successfully reloaded assembly
- Completed reload, in  0.945 seconds
Domain Reload Profiling:
	ReloadAssembly (945ms)
		BeginReloadAssembly (151ms)
			ExecutionOrderSort (0ms)
			DisableScriptedObjects (0ms)
			BackupInstance (0ms)
			ReleaseScriptingObjects (0ms)
			CreateAndSetChildDomain (1ms)
		EndReloadAssembly (594ms)
			LoadAssemblies (150ms)
			RebuildTransferFunctionScriptingTraits (0ms)
			SetupTypeCache (126ms)
			ReleaseScriptCaches (0ms)
			RebuildScriptCaches (39ms)
			SetupLoadedEditorAssemblies (367ms)
				LogAssemblyErrors (0ms)
				InitializePlatformSupportModulesInManaged (57ms)
				SetLoadedEditorAssemblies (1ms)
				RefreshPlugins (98ms)
				BeforeProcessingInitializeOnLoad (1ms)
				ProcessInitializeOnLoadAttributes (109ms)
				ProcessInitializeOnLoadMethodAttributes (101ms)
				AfterProcessingInitializeOnLoad (0ms)
				EditorAssembliesLoaded (0ms)
			ExecutionOrderSort2 (0ms)
			AwakeInstancesAfterBackupRestoration (0ms)
Platform modules already initialized, skipping
Registering precompiled user dll's ...
Registered in 0.007371 seconds.
Begin MonoManager ReloadAssembly
Symbol file LoadedFromMemory doesn't match image C:\Samsung\Samsungfull\Library\PackageCache\com.unity.visualscripting@1.7.8\Editor\VisualScripting.Core\Dependencies\YamlDotNet\Unity.VisualScripting.YamlDotNet.dll
Symbol file LoadedFromMemory doesn't match image C:\Samsung\Samsungfull\Library\PackageCache\com.unity.visualscripting@1.7.8\Editor\VisualScripting.Core\Dependencies\DotNetZip\Unity.VisualScripting.IonicZip.dll
Native extension for WindowsStandalone target not found
Native extension for Android target not found
Refreshing native plugins compatible for Editor in 1.00 ms, found 3 plugins.
Preloading 0 native plugins for Editor in 0.00 ms.
Mono: successfully reloaded assembly
- Completed reload, in  1.657 seconds
Domain Reload Profiling:
	ReloadAssembly (1658ms)
		BeginReloadAssembly (150ms)
			ExecutionOrderSort (0ms)
			DisableScriptedObjects (6ms)
			BackupInstance (0ms)
			ReleaseScriptingObjects (0ms)
			CreateAndSetChildDomain (36ms)
		EndReloadAssembly (1304ms)
			LoadAssemblies (210ms)
			RebuildTransferFunctionScriptingTraits (0ms)
			SetupTypeCache (415ms)
			ReleaseScriptCaches (1ms)
			RebuildScriptCaches (67ms)
			SetupLoadedEditorAssemblies (567ms)
				LogAssemblyErrors (0ms)
				InitializePlatformSupportModulesInManaged (17ms)
				SetLoadedEditorAssemblies (1ms)
				RefreshPlugins (1ms)
				BeforeProcessingInitializeOnLoad (99ms)
				ProcessInitializeOnLoadAttributes (363ms)
				ProcessInitializeOnLoadMethodAttributes (79ms)
				AfterProcessingInitializeOnLoad (7ms)
				EditorAssembliesLoaded (0ms)
			ExecutionOrderSort2 (0ms)
			AwakeInstancesAfterBackupRestoration (12ms)
Platform modules already initialized, skipping
========================================================================
Worker process is ready to serve import requests
Launched and connected shader compiler UnityShaderCompiler.exe after 0.11 seconds
Refreshing native plugins compatible for Editor in 0.68 ms, found 3 plugins.
Preloading 0 native plugins for Editor in 0.00 ms.
Unloading 3505 Unused Serialized files (Serialized files now loaded: 0)
Unloading 29 unused Assets / (465.4 KB). Loaded Objects now: 3994.
Memory consumption went from 158.9 MB to 158.5 MB.
Total: 4.804100 ms (FindLiveObjects: 0.271400 ms CreateObjectMapping: 0.128700 ms MarkObjects: 4.097400 ms  DeleteObjects: 0.305000 ms)

AssetImportParameters requested are different than current active one (requested -> active):
  custom:video-decoder-ogg-theora: a1e56fd34408186e4bbccfd4996cb3dc -> 
  custom:container-muxer-webm: aa71ff27fc2769a1b78a27578f13a17b -> 
  custom:container-demuxer-webm: 4f35f7cbe854078d1ac9338744f61a02 -> 
  custom:video-encoder-webm-vp8: eb34c28f22e8b96e1ab97ce403110664 -> 
  custom:video-codec-MediaFoundation-h265: 746d11721c4dcdbdad8f713fa42b33f4 -> 
  custom:audio-encoder-webm-vorbis: bf7c407c2cedff20999df2af8eb42d56 -> 
  custom:framework-win-MediaFoundation: 216162199b28c13a410421893ffa2e32 -> 
  custom:container-demuxer-ogg: 62fdf1f143b41e24485cea50d1cbac27 -> 
  custom:video-decoder-webm-vp8: 9c59270c3fd7afecdb556c50c9e8de78 -> 
  custom:audio-decoder-ogg-vorbis: bf7c407c2cedff20999df2af8eb42d56 -> 
========================================================================
Received Import Request.
  Time since last request: 693433.790662 seconds.
  path: Assets/RawWoodenFurnitureFree/Models/Table02.fbx
  artifactKey: Guid(2de980d7f46661440b1596ea7802274c) Importer(815301076,1909f56bfc062723c751e8b465ee728b)
Start importing Assets/RawWoodenFurnitureFree/Models/Table02.fbx using Guid(2de980d7f46661440b1596ea7802274c) Importer(815301076,1909f56bfc062723c751e8b465ee728b)  -> (artifact id: '62f353b232686119f7e094c021cd0ced') in 0.299652 seconds 
========================================================================
Received Import Request.
  Time since last request: 0.000036 seconds.
  path: Assets/RawWoodenFurnitureFree/Materials/Cabinets00matV1.mat
  artifactKey: Guid(d2baf2fc045db4b4997b9871933227f6) Importer(815301076,1909f56bfc062723c751e8b465ee728b)
Start importing Assets/RawWoodenFurnitureFree/Materials/Cabinets00matV1.mat using Guid(d2baf2fc045db4b4997b9871933227f6) Importer(815301076,1909f56bfc062723c751e8b465ee728b)  -> (artifact id: '59ee385fd1e1e45551e5601cd23808d7') in 0.091148 seconds 
========================================================================
Received Import Request.
  Time since last request: 0.000059 seconds.
  path: Assets/RawWoodenFurnitureFree/Materials/Chair02matV2.mat
  artifactKey: Guid(7e61e129382abbd4a9cac0d7a454017f) Importer(815301076,1909f56bfc062723c751e8b465ee728b)
Start importing Assets/RawWoodenFurnitureFree/Materials/Chair02matV2.mat using Guid(7e61e129382abbd4a9cac0d7a454017f) Importer(815301076,1909f56bfc062723c751e8b465ee728b)  -> (artifact id: '6d631cab88ba77d8ceb58cc283d6a3bd') in 0.255374 seconds 
========================================================================
Received Import Request.
  Time since last request: 0.000045 seconds.
  path: Assets/RawWoodenFurnitureFree/Materials/Table01matV2.mat
  artifactKey: Guid(4d47e1a3163646541bbe77c7ce6d4899) Importer(815301076,1909f56bfc062723c751e8b465ee728b)
Start importing Assets/RawWoodenFurnitureFree/Materials/Table01matV2.mat using Guid(4d47e1a3163646541bbe77c7ce6d4899) Importer(815301076,1909f56bfc062723c751e8b465ee728b)  -> (artifact id: '1e34c7003e99f1557095c86ae3d02458') in 0.040484 seconds 
========================================================================
Received Import Request.
  Time since last request: 0.000038 seconds.
  path: Assets/RawWoodenFurnitureFree/Materials/BedsV1mat.mat
  artifactKey: Guid(c8c42662026a30544a7c3bb902859d48) Importer(815301076,1909f56bfc062723c751e8b465ee728b)
Start importing Assets/RawWoodenFurnitureFree/Materials/BedsV1mat.mat using Guid(c8c42662026a30544a7c3bb902859d48) Importer(815301076,1909f56bfc062723c751e8b465ee728b)  -> (artifact id: '750cfd884fafa8b7479eaeb61e323195') in 0.046275 seconds 
========================================================================
Received Import Request.
  Time since last request: 0.000032 seconds.
  path: Assets/RawWoodenFurnitureFree/Materials/Stool01matV1.mat
  artifactKey: Guid(29a7f572b87277e47a3903d896453dca) Importer(815301076,1909f56bfc062723c751e8b465ee728b)
Start importing Assets/RawWoodenFurnitureFree/Materials/Stool01matV1.mat using Guid(29a7f572b87277e47a3903d896453dca) Importer(815301076,1909f56bfc062723c751e8b465ee728b)  -> (artifact id: 'a69919289ba43ce411b8cdff1425ef74') in 0.045225 seconds 
========================================================================
Received Import Request.
  Time since last request: 0.000031 seconds.
  path: Assets/RawWoodenFurnitureFree/Materials
  artifactKey: Guid(a1958159be3342048aa82791a7833a96) Importer(815301076,1909f56bfc062723c751e8b465ee728b)
Start importing Assets/RawWoodenFurnitureFree/Materials using Guid(a1958159be3342048aa82791a7833a96) Importer(815301076,1909f56bfc062723c751e8b465ee728b)  -> (artifact id: 'c4ec0accf69c55710a51d37a1da0ce79') in 0.014909 seconds 
========================================================================
Received Import Request.
  Time since last request: 0.000050 seconds.
  path: Assets/RawWoodenFurnitureFree/Materials/planeDemo.mat
  artifactKey: Guid(738e69b7d269e1d4ebb32227acf74f1b) Importer(815301076,1909f56bfc062723c751e8b465ee728b)
Start importing Assets/RawWoodenFurnitureFree/Materials/planeDemo.mat using Guid(738e69b7d269e1d4ebb32227acf74f1b) Importer(815301076,1909f56bfc062723c751e8b465ee728b)  -> (artifact id: '9212481abff1515fb9694096c4e16f19') in 0.048525 seconds 
========================================================================
Received Import Request.
  Time since last request: 0.000034 seconds.
  path: Assets/RawWoodenFurnitureFree/Models/BedSingle01empty.fbx
  artifactKey: Guid(ddbbcdccb4c9b5e4396203b293f11f00) Importer(815301076,1909f56bfc062723c751e8b465ee728b)
Start importing Assets/RawWoodenFurnitureFree/Models/BedSingle01empty.fbx using Guid(ddbbcdccb4c9b5e4396203b293f11f00) Importer(815301076,1909f56bfc062723c751e8b465ee728b)  -> (artifact id: '3211db574e79318a9372f671cac41494') in 0.071897 seconds 
========================================================================
Received Import Request.
  Time since last request: 0.000042 seconds.
  path: Assets/RawWoodenFurnitureFree/Materials/Table02mat.mat
  artifactKey: Guid(096070bb8d9227d478966d6167a528aa) Importer(815301076,1909f56bfc062723c751e8b465ee728b)
Start importing Assets/RawWoodenFurnitureFree/Materials/Table02mat.mat using Guid(096070bb8d9227d478966d6167a528aa) Importer(815301076,1909f56bfc062723c751e8b465ee728b)  -> (artifact id: '92378ef24fa53796a65a9b361f4b6c6a') in 0.053440 seconds 
========================================================================
Received Import Request.
  Time since last request: 0.000070 seconds.
  path: Assets/RawWoodenFurnitureFree/Models/Table01.fbx
  artifactKey: Guid(d63ad3cf858a7384cb2b9b9989e81080) Importer(815301076,1909f56bfc062723c751e8b465ee728b)
Start importing Assets/RawWoodenFurnitureFree/Models/Table01.fbx using Guid(d63ad3cf858a7384cb2b9b9989e81080) Importer(815301076,1909f56bfc062723c751e8b465ee728b)  -> (artifact id: '411d6163960b0b88c23ad172cf539e8d') in 0.044731 seconds 
========================================================================
Received Import Request.
  Time since last request: 0.000050 seconds.
  path: Assets/RawWoodenFurnitureFree/Models/Chair02.fbx
  artifactKey: Guid(0a2ece62a3195754bb82144abe3ea1bc) Importer(815301076,1909f56bfc062723c751e8b465ee728b)
Start importing Assets/RawWoodenFurnitureFree/Models/Chair02.fbx using Guid(0a2ece62a3195754bb82144abe3ea1bc) Importer(815301076,1909f56bfc062723c751e8b465ee728b)  -> (artifact id: '2bfe22fb7009a0230513a209f4c42c41') in 0.187077 seconds 
========================================================================
Received Import Request.
  Time since last request: 0.000055 seconds.
  path: Assets/RawWoodenFurnitureFree/Models/Cabinet04.fbx
  artifactKey: Guid(86f5484b88f6e4b40b3111ccff232762) Importer(815301076,1909f56bfc062723c751e8b465ee728b)
Start importing Assets/RawWoodenFurnitureFree/Models/Cabinet04.fbx using Guid(86f5484b88f6e4b40b3111ccff232762) Importer(815301076,1909f56bfc062723c751e8b465ee728b)  -> (artifact id: 'fd5b672cee2beda7446b3614d171b371') in 0.107450 seconds 
========================================================================
Received Import Request.
  Time since last request: 0.000055 seconds.
  path: Assets/RawWoodenFurnitureFree/Models/Stool01.fbx
  artifactKey: Guid(c75af295d2864694cb2f98c459c43c73) Importer(815301076,1909f56bfc062723c751e8b465ee728b)
Start importing Assets/RawWoodenFurnitureFree/Models/Stool01.fbx using Guid(c75af295d2864694cb2f98c459c43c73) Importer(815301076,1909f56bfc062723c751e8b465ee728b)  -> (artifact id: 'd615a297f1616e924678994ad38c2335') in 0.165514 seconds 
========================================================================
Received Import Request.
  Time since last request: 43.221705 seconds.
  path: Assets/RawWoodenFurnitureFree/Prefabs/BedSingle01emptyV1.prefab
  artifactKey: Guid(e3729cab5cd8f4c459ef8d249965eeae) Importer(815301076,1909f56bfc062723c751e8b465ee728b)
Start importing Assets/RawWoodenFurnitureFree/Prefabs/BedSingle01emptyV1.prefab using Guid(e3729cab5cd8f4c459ef8d249965eeae) Importer(815301076,1909f56bfc062723c751e8b465ee728b)  -> (artifact id: 'c8f5e19f030c593c7a80ea5d2af841c1') in 0.074043 seconds 
========================================================================
Received Import Request.
  Time since last request: 0.000097 seconds.
  path: Assets/RawWoodenFurnitureFree/Prefabs/Table02.prefab
  artifactKey: Guid(5d17cce7704ff0c44985b9f2b7c1f930) Importer(815301076,1909f56bfc062723c751e8b465ee728b)
Start importing Assets/RawWoodenFurnitureFree/Prefabs/Table02.prefab using Guid(5d17cce7704ff0c44985b9f2b7c1f930) Importer(815301076,1909f56bfc062723c751e8b465ee728b)  -> (artifact id: '91378334442e0af11594193e0a86291d') in 0.034419 seconds 
========================================================================
Received Import Request.
  Time since last request: 0.000067 seconds.
  path: Assets/RawWoodenFurnitureFree/Prefabs/Cabinet04.prefab
  artifactKey: Guid(d7f16bebf84a8be45a4edf754a799508) Importer(815301076,1909f56bfc062723c751e8b465ee728b)
Start importing Assets/RawWoodenFurnitureFree/Prefabs/Cabinet04.prefab using Guid(d7f16bebf84a8be45a4edf754a799508) Importer(815301076,1909f56bfc062723c751e8b465ee728b)  -> (artifact id: 'b3f0cc5e765b3177f4c68f03c6d888d3') in 0.043631 seconds 
========================================================================
Received Import Request.
  Time since last request: 0.000026 seconds.
  path: Assets/RawWoodenFurnitureFree/Prefabs/Chair02v2.prefab
  artifactKey: Guid(a4e0ff4643b80d547ba35af8e6089350) Importer(815301076,1909f56bfc062723c751e8b465ee728b)
Start importing Assets/RawWoodenFurnitureFree/Prefabs/Chair02v2.prefab using Guid(a4e0ff4643b80d547ba35af8e6089350) Importer(815301076,1909f56bfc062723c751e8b465ee728b)  -> (artifact id: '2238c943661aed49787c233ab34eef27') in 0.041973 seconds 
========================================================================
Received Import Request.
  Time since last request: 0.000032 seconds.
  path: Assets/RawWoodenFurnitureFree/Prefabs/Table01v2.prefab
  artifactKey: Guid(57d3e693aabffc0469483a7ea0e6d1e5) Importer(815301076,1909f56bfc062723c751e8b465ee728b)
Start importing Assets/RawWoodenFurnitureFree/Prefabs/Table01v2.prefab using Guid(57d3e693aabffc0469483a7ea0e6d1e5) Importer(815301076,1909f56bfc062723c751e8b465ee728b)  -> (artifact id: '9e63ed2e24ed8e762ea3ae35ada069e3') in 0.050535 seconds 
========================================================================
Received Import Request.
  Time since last request: 0.000031 seconds.
  path: Assets/RawWoodenFurnitureFree/Prefabs/Stool01v1.prefab
  artifactKey: Guid(0b4e64b68be2d404f8d503ed5ca46526) Importer(815301076,1909f56bfc062723c751e8b465ee728b)
Start importing Assets/RawWoodenFurnitureFree/Prefabs/Stool01v1.prefab using Guid(0b4e64b68be2d404f8d503ed5ca46526) Importer(815301076,1909f56bfc062723c751e8b465ee728b)  -> (artifact id: 'c59d39c60fe9bb9ca2371627fc6ceb2b') in 0.040072 seconds 
========================================================================
Received Import Request.
  Time since last request: 0.385589 seconds.
  path: Assets/RawWoodenFurnitureFree/Textures/BedsV1.png
  artifactKey: Guid(7af63757bc4132e48a47644c7980cd10) Importer(815301076,1909f56bfc062723c751e8b465ee728b)
Start importing Assets/RawWoodenFurnitureFree/Textures/BedsV1.png using Guid(7af63757bc4132e48a47644c7980cd10) Importer(815301076,1909f56bfc062723c751e8b465ee728b)  -> (artifact id: '3a98cda22336ed4988c03d1a6024ebde') in 0.077282 seconds 
========================================================================
Received Import Request.
  Time since last request: 0.000045 seconds.
  path: Assets/RawWoodenFurnitureFree/Textures/Stool01_albedoV1.png
  artifactKey: Guid(dd6433f524989d54eb82928446aa45da) Importer(815301076,1909f56bfc062723c751e8b465ee728b)
Start importing Assets/RawWoodenFurnitureFree/Textures/Stool01_albedoV1.png using Guid(dd6433f524989d54eb82928446aa45da) Importer(815301076,1909f56bfc062723c751e8b465ee728b)  -> (artifact id: '6b363a3813f51c132f52d1e153fc2033') in 0.026634 seconds 
========================================================================
Received Import Request.
  Time since last request: 0.000049 seconds.
  path: Assets/RawWoodenFurnitureFree/Textures/Cabinets00_albedoV1.png
  artifactKey: Guid(00d6160ed160b4b4fb8876504640f483) Importer(815301076,1909f56bfc062723c751e8b465ee728b)
Start importing Assets/RawWoodenFurnitureFree/Textures/Cabinets00_albedoV1.png using Guid(00d6160ed160b4b4fb8876504640f483) Importer(815301076,1909f56bfc062723c751e8b465ee728b)  -> (artifact id: '613bc2077ec2ae0fba291e6e48f4a384') in 0.036674 seconds 
========================================================================
Received Import Request.
  Time since last request: 0.000041 seconds.
  path: Assets/RawWoodenFurnitureFree/Textures/Chair02_albedoV2.png
  artifactKey: Guid(d7456299277b9ff4db8b3193f85f71ae) Importer(815301076,1909f56bfc062723c751e8b465ee728b)
Start importing Assets/RawWoodenFurnitureFree/Textures/Chair02_albedoV2.png using Guid(d7456299277b9ff4db8b3193f85f71ae) Importer(815301076,1909f56bfc062723c751e8b465ee728b)  -> (artifact id: '310b03b8d87e589d0e57903dffbdb194') in 0.039145 seconds 
========================================================================
Received Import Request.
  Time since last request: 0.000042 seconds.
  path: Assets/RawWoodenFurnitureFree/Textures/Table02_albedoV1.png
  artifactKey: Guid(46a75c6d623aa804d86b834101a4260a) Importer(815301076,1909f56bfc062723c751e8b465ee728b)
Start importing Assets/RawWoodenFurnitureFree/Textures/Table02_albedoV1.png using Guid(46a75c6d623aa804d86b834101a4260a) Importer(815301076,1909f56bfc062723c751e8b465ee728b)  -> (artifact id: '3b4c61d56e31003d1d0b0425e82a6c65') in 0.038355 seconds 
========================================================================
Received Import Request.
  Time since last request: 0.000037 seconds.
  path: Assets/RawWoodenFurnitureFree/Textures/Table01_albedoV2.png
  artifactKey: Guid(2b5436503a095884887bdba577a961fd) Importer(815301076,1909f56bfc062723c751e8b465ee728b)
Start importing Assets/RawWoodenFurnitureFree/Textures/Table01_albedoV2.png using Guid(2b5436503a095884887bdba577a961fd) Importer(815301076,1909f56bfc062723c751e8b465ee728b)  -> (artifact id: '94a14c123830038562895c7016a9d37b') in 0.048586 seconds 
========================================================================
Received Import Request.
  Time since last request: 807.438753 seconds.
  path: Assets/Mess Maker Free/Templates/Prefabs (High)/Soda Can Blank Crushed.prefab
  artifactKey: Guid(2864b0b070b39fc43bf54e1da9dcbdf5) Importer(815301076,1909f56bfc062723c751e8b465ee728b)
Start importing Assets/Mess Maker Free/Templates/Prefabs (High)/Soda Can Blank Crushed.prefab using Guid(2864b0b070b39fc43bf54e1da9dcbdf5) Importer(815301076,1909f56bfc062723c751e8b465ee728b)  -> (artifact id: '0eb8203e4f0a0c0ee332e81bf5337859') in 0.046219 seconds 
========================================================================
Received Import Request.
  Time since last request: 0.000036 seconds.
  path: Assets/Mess Maker Free/Templates/Prefabs (High)/Soda Can Blank.prefab
  artifactKey: Guid(389778e7d8bf2e741a799f00aab011d7) Importer(815301076,1909f56bfc062723c751e8b465ee728b)
Start importing Assets/Mess Maker Free/Templates/Prefabs (High)/Soda Can Blank.prefab using Guid(389778e7d8bf2e741a799f00aab011d7) Importer(815301076,1909f56bfc062723c751e8b465ee728b)  -> (artifact id: '9e3b1a2a5c2b3d7eb36bb466e0f361ac') in 0.042725 seconds 
========================================================================
Received Import Request.
  Time since last request: 0.000046 seconds.
  path: Assets/Mess Maker Free/Templates/Prefabs (High)/Vodka Bottle with Blank Label.prefab
  artifactKey: Guid(cef8955c56e0fa74c9030a7f10272d0f) Importer(815301076,1909f56bfc062723c751e8b465ee728b)
Start importing Assets/Mess Maker Free/Templates/Prefabs (High)/Vodka Bottle with Blank Label.prefab using Guid(cef8955c56e0fa74c9030a7f10272d0f) Importer(815301076,1909f56bfc062723c751e8b465ee728b)  -> (artifact id: '6a5b922c71a0c06c64b081672627f444') in 0.050853 seconds 
========================================================================
Received Import Request.
  Time since last request: 0.000027 seconds.
  path: Assets/Mess Maker Free/Templates/Prefabs (High)/Wine Bottle Green with Blank Label.prefab
  artifactKey: Guid(a15225395c29627488b8de445799b4cd) Importer(815301076,1909f56bfc062723c751e8b465ee728b)
Start importing Assets/Mess Maker Free/Templates/Prefabs (High)/Wine Bottle Green with Blank Label.prefab using Guid(a15225395c29627488b8de445799b4cd) Importer(815301076,1909f56bfc062723c751e8b465ee728b)  -> (artifact id: '83009dde5254faa33560baa37f6e2dea') in 0.050206 seconds 
========================================================================
Received Import Request.
  Time since last request: 0.000025 seconds.
  path: Assets/Mess Maker Free/Templates/Prefabs (High)/Wine Bottle Red with Blank Label.prefab
  artifactKey: Guid(53b998b81d704474e9ecb43206adecad) Importer(815301076,1909f56bfc062723c751e8b465ee728b)
Start importing Assets/Mess Maker Free/Templates/Prefabs (High)/Wine Bottle Red with Blank Label.prefab using Guid(53b998b81d704474e9ecb43206adecad) Importer(815301076,1909f56bfc062723c751e8b465ee728b)  -> (artifact id: 'dd52bd733af8bc337ccb0ef8d2d252b6') in 0.044238 seconds 
========================================================================
Received Import Request.
  Time since last request: 205.415756 seconds.
  path: Assets/Medieval Village Building Pack/Materials/StrawRoof_basecolor.mat
  artifactKey: Guid(4e3a17498a93d214c90fdcf013ee0bfc) Importer(815301076,1909f56bfc062723c751e8b465ee728b)
Start importing Assets/Medieval Village Building Pack/Materials/StrawRoof_basecolor.mat using Guid(4e3a17498a93d214c90fdcf013ee0bfc) Importer(815301076,1909f56bfc062723c751e8b465ee728b)  -> (artifact id: 'bff7e9e8bd392714af998c43d9d8bf9b') in 0.056191 seconds 
========================================================================
Received Import Request.
  Time since last request: 0.000042 seconds.
  path: Assets/Medieval Village Building Pack/Materials/Wood_Tile_basecolor.mat
  artifactKey: Guid(fccef3e5992f8f44abc07990f8cb04da) Importer(815301076,1909f56bfc062723c751e8b465ee728b)
Start importing Assets/Medieval Village Building Pack/Materials/Wood_Tile_basecolor.mat using Guid(fccef3e5992f8f44abc07990f8cb04da) Importer(815301076,1909f56bfc062723c751e8b465ee728b)  -> (artifact id: '0ca776057bf93ff781a0c674df33fd45') in 0.045983 seconds 
========================================================================
Received Prepare
Registering precompiled user dll's ...
Registered in 0.007196 seconds.
Begin MonoManager ReloadAssembly
Symbol file LoadedFromMemory doesn't match image C:\Samsung\Samsungfull\Library\PackageCache\com.unity.visualscripting@1.7.8\Editor\VisualScripting.Core\Dependencies\YamlDotNet\Unity.VisualScripting.YamlDotNet.dll
Symbol file LoadedFromMemory doesn't match image C:\Samsung\Samsungfull\Library\PackageCache\com.unity.visualscripting@1.7.8\Editor\VisualScripting.Core\Dependencies\DotNetZip\Unity.VisualScripting.IonicZip.dll
Native extension for WindowsStandalone target not found
Native extension for Android target not found
Refreshing native plugins compatible for Editor in 0.94 ms, found 3 plugins.
Preloading 0 native plugins for Editor in 0.00 ms.
Mono: successfully reloaded assembly
- Completed reload, in  2.122 seconds
Domain Reload Profiling:
	ReloadAssembly (2124ms)
		BeginReloadAssembly (274ms)
			ExecutionOrderSort (0ms)
			DisableScriptedObjects (7ms)
			BackupInstance (0ms)
			ReleaseScriptingObjects (0ms)
			CreateAndSetChildDomain (79ms)
		EndReloadAssembly (1562ms)
			LoadAssemblies (200ms)
			RebuildTransferFunctionScriptingTraits (3ms)
			SetupTypeCache (616ms)
			ReleaseScriptCaches (3ms)
			RebuildScriptCaches (74ms)
			SetupLoadedEditorAssemblies (602ms)
				LogAssemblyErrors (0ms)
				InitializePlatformSupportModulesInManaged (56ms)
				SetLoadedEditorAssemblies (2ms)
				RefreshPlugins (1ms)
				BeforeProcessingInitializeOnLoad (111ms)
				ProcessInitializeOnLoadAttributes (374ms)
				ProcessInitializeOnLoadMethodAttributes (45ms)
				AfterProcessingInitializeOnLoad (12ms)
				EditorAssembliesLoaded (0ms)
			ExecutionOrderSort2 (0ms)
			AwakeInstancesAfterBackupRestoration (18ms)
Platform modules already initialized, skipping
Refreshing native plugins compatible for Editor in 2.23 ms, found 3 plugins.
Preloading 0 native plugins for Editor in 0.00 ms.
Unloading 3424 Unused Serialized files (Serialized files now loaded: 0)
Unloading 22 unused Assets / (464.2 KB). Loaded Objects now: 4041.
Memory consumption went from 156.1 MB to 155.6 MB.
Total: 8.170900 ms (FindLiveObjects: 0.386700 ms CreateObjectMapping: 0.560300 ms MarkObjects: 6.801500 ms  DeleteObjects: 0.420100 ms)

AssetImportParameters requested are different than current active one (requested -> active):
  custom:video-decoder-ogg-theora: a1e56fd34408186e4bbccfd4996cb3dc -> 
  custom:container-muxer-webm: aa71ff27fc2769a1b78a27578f13a17b -> 
  custom:container-demuxer-webm: 4f35f7cbe854078d1ac9338744f61a02 -> 
  custom:video-encoder-webm-vp8: eb34c28f22e8b96e1ab97ce403110664 -> 
  custom:video-codec-MediaFoundation-h265: 746d11721c4dcdbdad8f713fa42b33f4 -> 
  custom:audio-encoder-webm-vorbis: bf7c407c2cedff20999df2af8eb42d56 -> 
  custom:framework-win-MediaFoundation: 216162199b28c13a410421893ffa2e32 -> 
  custom:container-demuxer-ogg: 62fdf1f143b41e24485cea50d1cbac27 -> 
  custom:video-decoder-webm-vp8: 9c59270c3fd7afecdb556c50c9e8de78 -> 
  custom:audio-decoder-ogg-vorbis: bf7c407c2cedff20999df2af8eb42d56 -> 
========================================================================
Received Prepare
Registering precompiled user dll's ...
Registered in 0.005422 seconds.
Begin MonoManager ReloadAssembly
Symbol file LoadedFromMemory doesn't match image C:\Samsung\Samsungfull\Library\PackageCache\com.unity.visualscripting@1.7.8\Editor\VisualScripting.Core\Dependencies\YamlDotNet\Unity.VisualScripting.YamlDotNet.dll
Symbol file LoadedFromMemory doesn't match image C:\Samsung\Samsungfull\Library\PackageCache\com.unity.visualscripting@1.7.8\Editor\VisualScripting.Core\Dependencies\DotNetZip\Unity.VisualScripting.IonicZip.dll
Native extension for WindowsStandalone target not found
Native extension for Android target not found
Refreshing native plugins compatible for Editor in 1.19 ms, found 3 plugins.
Preloading 0 native plugins for Editor in 0.00 ms.
Mono: successfully reloaded assembly
- Completed reload, in  1.987 seconds
Domain Reload Profiling:
	ReloadAssembly (1988ms)
		BeginReloadAssembly (329ms)
			ExecutionOrderSort (0ms)
			DisableScriptedObjects (9ms)
			BackupInstance (0ms)
			ReleaseScriptingObjects (0ms)
			CreateAndSetChildDomain (61ms)
		EndReloadAssembly (1451ms)
			LoadAssemblies (154ms)
			RebuildTransferFunctionScriptingTraits (0ms)
			SetupTypeCache (471ms)
			ReleaseScriptCaches (5ms)
			RebuildScriptCaches (101ms)
			SetupLoadedEditorAssemblies (613ms)
				LogAssemblyErrors (0ms)
				InitializePlatformSupportModulesInManaged (44ms)
				SetLoadedEditorAssemblies (1ms)
				RefreshPlugins (1ms)
				BeforeProcessingInitializeOnLoad (107ms)
				ProcessInitializeOnLoadAttributes (399ms)
				ProcessInitializeOnLoadMethodAttributes (51ms)
				AfterProcessingInitializeOnLoad (9ms)
				EditorAssembliesLoaded (1ms)
			ExecutionOrderSort2 (0ms)
			AwakeInstancesAfterBackupRestoration (22ms)
Platform modules already initialized, skipping
Refreshing native plugins compatible for Editor in 2.17 ms, found 3 plugins.
Preloading 0 native plugins for Editor in 0.00 ms.
Unloading 3424 Unused Serialized files (Serialized files now loaded: 0)
Unloading 22 unused Assets / (464.2 KB). Loaded Objects now: 4044.
Memory consumption went from 156.1 MB to 155.6 MB.
Total: 6.784700 ms (FindLiveObjects: 0.398000 ms CreateObjectMapping: 0.169600 ms MarkObjects: 5.655700 ms  DeleteObjects: 0.559200 ms)

AssetImportParameters requested are different than current active one (requested -> active):
  custom:video-decoder-ogg-theora: a1e56fd34408186e4bbccfd4996cb3dc -> 
  custom:container-muxer-webm: aa71ff27fc2769a1b78a27578f13a17b -> 
  custom:container-demuxer-webm: 4f35f7cbe854078d1ac9338744f61a02 -> 
  custom:video-encoder-webm-vp8: eb34c28f22e8b96e1ab97ce403110664 -> 
  custom:video-codec-MediaFoundation-h265: 746d11721c4dcdbdad8f713fa42b33f4 -> 
  custom:audio-encoder-webm-vorbis: bf7c407c2cedff20999df2af8eb42d56 -> 
  custom:framework-win-MediaFoundation: 216162199b28c13a410421893ffa2e32 -> 
  custom:container-demuxer-ogg: 62fdf1f143b41e24485cea50d1cbac27 -> 
  custom:video-decoder-webm-vp8: 9c59270c3fd7afecdb556c50c9e8de78 -> 
  custom:audio-decoder-ogg-vorbis: bf7c407c2cedff20999df2af8eb42d56 -> 
========================================================================
Received Prepare
Registering precompiled user dll's ...
Registered in 0.005431 seconds.
Begin MonoManager ReloadAssembly
Symbol file LoadedFromMemory doesn't match image C:\Samsung\Samsungfull\Library\PackageCache\com.unity.visualscripting@1.7.8\Editor\VisualScripting.Core\Dependencies\YamlDotNet\Unity.VisualScripting.YamlDotNet.dll
Symbol file LoadedFromMemory doesn't match image C:\Samsung\Samsungfull\Library\PackageCache\com.unity.visualscripting@1.7.8\Editor\VisualScripting.Core\Dependencies\DotNetZip\Unity.VisualScripting.IonicZip.dll
Native extension for WindowsStandalone target not found
Native extension for Android target not found
Refreshing native plugins compatible for Editor in 1.13 ms, found 3 plugins.
Preloading 0 native plugins for Editor in 0.00 ms.
Mono: successfully reloaded assembly
- Completed reload, in  1.838 seconds
Domain Reload Profiling:
	ReloadAssembly (1840ms)
		BeginReloadAssembly (159ms)
			ExecutionOrderSort (0ms)
			DisableScriptedObjects (7ms)
			BackupInstance (0ms)
			ReleaseScriptingObjects (0ms)
			CreateAndSetChildDomain (38ms)
		EndReloadAssembly (1533ms)
			LoadAssemblies (122ms)
			RebuildTransferFunctionScriptingTraits (0ms)
			SetupTypeCache (503ms)
			ReleaseScriptCaches (5ms)
			RebuildScriptCaches (116ms)
			SetupLoadedEditorAssemblies (631ms)
				LogAssemblyErrors (0ms)
				InitializePlatformSupportModulesInManaged (40ms)
				SetLoadedEditorAssemblies (2ms)
				RefreshPlugins (1ms)
				BeforeProcessingInitializeOnLoad (116ms)
				ProcessInitializeOnLoadAttributes (409ms)
				ProcessInitializeOnLoadMethodAttributes (51ms)
				AfterProcessingInitializeOnLoad (11ms)
				EditorAssembliesLoaded (0ms)
			ExecutionOrderSort2 (0ms)
			AwakeInstancesAfterBackupRestoration (19ms)
Platform modules already initialized, skipping
Refreshing native plugins compatible for Editor in 2.38 ms, found 3 plugins.
Preloading 0 native plugins for Editor in 0.00 ms.
Unloading 3424 Unused Serialized files (Serialized files now loaded: 0)
Unloading 22 unused Assets / (434.4 KB). Loaded Objects now: 4047.
Memory consumption went from 156.0 MB to 155.6 MB.
Total: 3.857500 ms (FindLiveObjects: 0.432400 ms CreateObjectMapping: 0.250100 ms MarkObjects: 2.833700 ms  DeleteObjects: 0.339600 ms)

AssetImportParameters requested are different than current active one (requested -> active):
  custom:video-decoder-ogg-theora: a1e56fd34408186e4bbccfd4996cb3dc -> 
  custom:container-muxer-webm: aa71ff27fc2769a1b78a27578f13a17b -> 
  custom:container-demuxer-webm: 4f35f7cbe854078d1ac9338744f61a02 -> 
  custom:video-encoder-webm-vp8: eb34c28f22e8b96e1ab97ce403110664 -> 
  custom:video-codec-MediaFoundation-h265: 746d11721c4dcdbdad8f713fa42b33f4 -> 
  custom:audio-encoder-webm-vorbis: bf7c407c2cedff20999df2af8eb42d56 -> 
  custom:framework-win-MediaFoundation: 216162199b28c13a410421893ffa2e32 -> 
  custom:container-demuxer-ogg: 62fdf1f143b41e24485cea50d1cbac27 -> 
  custom:video-decoder-webm-vp8: 9c59270c3fd7afecdb556c50c9e8de78 -> 
  custom:audio-decoder-ogg-vorbis: bf7c407c2cedff20999df2af8eb42d56 -> 
========================================================================
Received Import Request.
  Time since last request: 888.002752 seconds.
  path: Assets/RawWoodenFurnitureFree/Prefabs
  artifactKey: Guid(0f2d6592291cf6342b435d1efc865bd4) Importer(815301076,1909f56bfc062723c751e8b465ee728b)
Start importing Assets/RawWoodenFurnitureFree/Prefabs using Guid(0f2d6592291cf6342b435d1efc865bd4) Importer(815301076,1909f56bfc062723c751e8b465ee728b)  -> (artifact id: '63bde473a19a3a1fa50adab994171f08') in 0.021693 seconds 
========================================================================
Received Prepare
Registering precompiled user dll's ...
Registered in 0.005729 seconds.
Begin MonoManager ReloadAssembly
Symbol file LoadedFromMemory doesn't match image C:\Samsung\Samsungfull\Library\PackageCache\com.unity.visualscripting@1.7.8\Editor\VisualScripting.Core\Dependencies\YamlDotNet\Unity.VisualScripting.YamlDotNet.dll
Symbol file LoadedFromMemory doesn't match image C:\Samsung\Samsungfull\Library\PackageCache\com.unity.visualscripting@1.7.8\Editor\VisualScripting.Core\Dependencies\DotNetZip\Unity.VisualScripting.IonicZip.dll
Native extension for WindowsStandalone target not found
Native extension for Android target not found
Refreshing native plugins compatible for Editor in 0.73 ms, found 3 plugins.
Preloading 0 native plugins for Editor in 0.00 ms.
Mono: successfully reloaded assembly
- Completed reload, in  1.743 seconds
Domain Reload Profiling:
	ReloadAssembly (1744ms)
		BeginReloadAssembly (166ms)
			ExecutionOrderSort (0ms)
			DisableScriptedObjects (15ms)
			BackupInstance (0ms)
			ReleaseScriptingObjects (0ms)
			CreateAndSetChildDomain (45ms)
		EndReloadAssembly (1402ms)
			LoadAssemblies (118ms)
			RebuildTransferFunctionScriptingTraits (0ms)
			SetupTypeCache (425ms)
			ReleaseScriptCaches (2ms)
			RebuildScriptCaches (91ms)
			SetupLoadedEditorAssemblies (616ms)
				LogAssemblyErrors (0ms)
				InitializePlatformSupportModulesInManaged (56ms)
				SetLoadedEditorAssemblies (1ms)
				RefreshPlugins (1ms)
				BeforeProcessingInitializeOnLoad (111ms)
				ProcessInitializeOnLoadAttributes (383ms)
				ProcessInitializeOnLoadMethodAttributes (54ms)
				AfterProcessingInitializeOnLoad (10ms)
				EditorAssembliesLoaded (0ms)
			ExecutionOrderSort2 (0ms)
			AwakeInstancesAfterBackupRestoration (24ms)
Platform modules already initialized, skipping
Refreshing native plugins compatible for Editor in 2.74 ms, found 3 plugins.
Preloading 0 native plugins for Editor in 0.00 ms.
Unloading 3424 Unused Serialized files (Serialized files now loaded: 0)
Unloading 22 unused Assets / (464.3 KB). Loaded Objects now: 4050.
Memory consumption went from 156.1 MB to 155.6 MB.
Total: 3.868600 ms (FindLiveObjects: 0.319100 ms CreateObjectMapping: 0.155000 ms MarkObjects: 2.974400 ms  DeleteObjects: 0.417800 ms)

AssetImportParameters requested are different than current active one (requested -> active):
  custom:video-decoder-ogg-theora: a1e56fd34408186e4bbccfd4996cb3dc -> 
  custom:container-muxer-webm: aa71ff27fc2769a1b78a27578f13a17b -> 
  custom:container-demuxer-webm: 4f35f7cbe854078d1ac9338744f61a02 -> 
  custom:video-encoder-webm-vp8: eb34c28f22e8b96e1ab97ce403110664 -> 
  custom:video-codec-MediaFoundation-h265: 746d11721c4dcdbdad8f713fa42b33f4 -> 
  custom:audio-encoder-webm-vorbis: bf7c407c2cedff20999df2af8eb42d56 -> 
  custom:framework-win-MediaFoundation: 216162199b28c13a410421893ffa2e32 -> 
  custom:container-demuxer-ogg: 62fdf1f143b41e24485cea50d1cbac27 -> 
  custom:video-decoder-webm-vp8: 9c59270c3fd7afecdb556c50c9e8de78 -> 
  custom:audio-decoder-ogg-vorbis: bf7c407c2cedff20999df2af8eb42d56 -> 
========================================================================
Received Prepare
Registering precompiled user dll's ...
Registered in 0.007145 seconds.
Begin MonoManager ReloadAssembly
Symbol file LoadedFromMemory doesn't match image C:\Samsung\Samsungfull\Library\PackageCache\com.unity.visualscripting@1.7.8\Editor\VisualScripting.Core\Dependencies\YamlDotNet\Unity.VisualScripting.YamlDotNet.dll
Symbol file LoadedFromMemory doesn't match image C:\Samsung\Samsungfull\Library\PackageCache\com.unity.visualscripting@1.7.8\Editor\VisualScripting.Core\Dependencies\DotNetZip\Unity.VisualScripting.IonicZip.dll
Native extension for WindowsStandalone target not found
Native extension for Android target not found
Refreshing native plugins compatible for Editor in 2.35 ms, found 3 plugins.
Preloading 0 native plugins for Editor in 0.00 ms.
Mono: successfully reloaded assembly
- Completed reload, in  1.659 seconds
Domain Reload Profiling:
	ReloadAssembly (1660ms)
		BeginReloadAssembly (159ms)
			ExecutionOrderSort (0ms)
			DisableScriptedObjects (6ms)
			BackupInstance (0ms)
			ReleaseScriptingObjects (0ms)
			CreateAndSetChildDomain (38ms)
		EndReloadAssembly (1339ms)
			LoadAssemblies (123ms)
			RebuildTransferFunctionScriptingTraits (0ms)
			SetupTypeCache (452ms)
			ReleaseScriptCaches (3ms)
			RebuildScriptCaches (68ms)
			SetupLoadedEditorAssemblies (586ms)
				LogAssemblyErrors (0ms)
				InitializePlatformSupportModulesInManaged (36ms)
				SetLoadedEditorAssemblies (1ms)
				RefreshPlugins (3ms)
				BeforeProcessingInitializeOnLoad (112ms)
				ProcessInitializeOnLoadAttributes (370ms)
				ProcessInitializeOnLoadMethodAttributes (52ms)
				AfterProcessingInitializeOnLoad (12ms)
				EditorAssembliesLoaded (0ms)
			ExecutionOrderSort2 (0ms)
			AwakeInstancesAfterBackupRestoration (19ms)
Platform modules already initialized, skipping
Refreshing native plugins compatible for Editor in 2.20 ms, found 3 plugins.
Preloading 0 native plugins for Editor in 0.00 ms.
Unloading 3424 Unused Serialized files (Serialized files now loaded: 0)
Unloading 22 unused Assets / (434.2 KB). Loaded Objects now: 4053.
Memory consumption went from 156.1 MB to 155.6 MB.
Total: 3.571000 ms (FindLiveObjects: 0.321800 ms CreateObjectMapping: 0.131900 ms MarkObjects: 2.784900 ms  DeleteObjects: 0.330500 ms)

AssetImportParameters requested are different than current active one (requested -> active):
  custom:video-decoder-ogg-theora: a1e56fd34408186e4bbccfd4996cb3dc -> 
  custom:container-muxer-webm: aa71ff27fc2769a1b78a27578f13a17b -> 
  custom:container-demuxer-webm: 4f35f7cbe854078d1ac9338744f61a02 -> 
  custom:video-encoder-webm-vp8: eb34c28f22e8b96e1ab97ce403110664 -> 
  custom:video-codec-MediaFoundation-h265: 746d11721c4dcdbdad8f713fa42b33f4 -> 
  custom:audio-encoder-webm-vorbis: bf7c407c2cedff20999df2af8eb42d56 -> 
  custom:framework-win-MediaFoundation: 216162199b28c13a410421893ffa2e32 -> 
  custom:container-demuxer-ogg: 62fdf1f143b41e24485cea50d1cbac27 -> 
  custom:video-decoder-webm-vp8: 9c59270c3fd7afecdb556c50c9e8de78 -> 
  custom:audio-decoder-ogg-vorbis: bf7c407c2cedff20999df2af8eb42d56 -> 
========================================================================
Received Prepare
Registering precompiled user dll's ...
Registered in 0.005869 seconds.
Begin MonoManager ReloadAssembly
Symbol file LoadedFromMemory doesn't match image C:\Samsung\Samsungfull\Library\PackageCache\com.unity.visualscripting@1.7.8\Editor\VisualScripting.Core\Dependencies\YamlDotNet\Unity.VisualScripting.YamlDotNet.dll
Symbol file LoadedFromMemory doesn't match image C:\Samsung\Samsungfull\Library\PackageCache\com.unity.visualscripting@1.7.8\Editor\VisualScripting.Core\Dependencies\DotNetZip\Unity.VisualScripting.IonicZip.dll
Native extension for WindowsStandalone target not found
Native extension for Android target not found
Refreshing native plugins compatible for Editor in 1.43 ms, found 3 plugins.
Preloading 0 native plugins for Editor in 0.00 ms.
Mono: successfully reloaded assembly
- Completed reload, in  1.882 seconds
Domain Reload Profiling:
	ReloadAssembly (1897ms)
		BeginReloadAssembly (170ms)
			ExecutionOrderSort (0ms)
			DisableScriptedObjects (14ms)
			BackupInstance (0ms)
			ReleaseScriptingObjects (0ms)
			CreateAndSetChildDomain (42ms)
		EndReloadAssembly (1570ms)
			LoadAssemblies (147ms)
			RebuildTransferFunctionScriptingTraits (0ms)
			SetupTypeCache (505ms)
			ReleaseScriptCaches (3ms)
			RebuildScriptCaches (107ms)
			SetupLoadedEditorAssemblies (677ms)
				LogAssemblyErrors (0ms)
				InitializePlatformSupportModulesInManaged (38ms)
				SetLoadedEditorAssemblies (1ms)
				RefreshPlugins (2ms)
				BeforeProcessingInitializeOnLoad (112ms)
				ProcessInitializeOnLoadAttributes (463ms)
				ProcessInitializeOnLoadMethodAttributes (49ms)
				AfterProcessingInitializeOnLoad (12ms)
				EditorAssembliesLoaded (0ms)
			ExecutionOrderSort2 (0ms)
			AwakeInstancesAfterBackupRestoration (17ms)
Platform modules already initialized, skipping
Refreshing native plugins compatible for Editor in 2.17 ms, found 3 plugins.
Preloading 0 native plugins for Editor in 0.00 ms.
Unloading 3424 Unused Serialized files (Serialized files now loaded: 0)
Unloading 22 unused Assets / (434.1 KB). Loaded Objects now: 4056.
Memory consumption went from 156.1 MB to 155.7 MB.
Total: 3.848500 ms (FindLiveObjects: 0.349600 ms CreateObjectMapping: 0.421700 ms MarkObjects: 2.698800 ms  DeleteObjects: 0.376400 ms)

AssetImportParameters requested are different than current active one (requested -> active):
  custom:video-decoder-ogg-theora: a1e56fd34408186e4bbccfd4996cb3dc -> 
  custom:container-muxer-webm: aa71ff27fc2769a1b78a27578f13a17b -> 
  custom:container-demuxer-webm: 4f35f7cbe854078d1ac9338744f61a02 -> 
  custom:video-encoder-webm-vp8: eb34c28f22e8b96e1ab97ce403110664 -> 
  custom:video-codec-MediaFoundation-h265: 746d11721c4dcdbdad8f713fa42b33f4 -> 
  custom:audio-encoder-webm-vorbis: bf7c407c2cedff20999df2af8eb42d56 -> 
  custom:framework-win-MediaFoundation: 216162199b28c13a410421893ffa2e32 -> 
  custom:container-demuxer-ogg: 62fdf1f143b41e24485cea50d1cbac27 -> 
  custom:video-decoder-webm-vp8: 9c59270c3fd7afecdb556c50c9e8de78 -> 
  custom:audio-decoder-ogg-vorbis: bf7c407c2cedff20999df2af8eb42d56 -> 
========================================================================
Received Prepare
Registering precompiled user dll's ...
Registered in 0.008422 seconds.
Begin MonoManager ReloadAssembly
Symbol file LoadedFromMemory doesn't match image C:\Samsung\Samsungfull\Library\PackageCache\com.unity.visualscripting@1.7.8\Editor\VisualScripting.Core\Dependencies\YamlDotNet\Unity.VisualScripting.YamlDotNet.dll
Symbol file LoadedFromMemory doesn't match image C:\Samsung\Samsungfull\Library\PackageCache\com.unity.visualscripting@1.7.8\Editor\VisualScripting.Core\Dependencies\DotNetZip\Unity.VisualScripting.IonicZip.dll
Native extension for WindowsStandalone target not found
Native extension for Android target not found
Refreshing native plugins compatible for Editor in 0.88 ms, found 3 plugins.
Preloading 0 native plugins for Editor in 0.00 ms.
Mono: successfully reloaded assembly
- Completed reload, in  2.244 seconds
Domain Reload Profiling:
	ReloadAssembly (2245ms)
		BeginReloadAssembly (158ms)
			ExecutionOrderSort (0ms)
			DisableScriptedObjects (6ms)
			BackupInstance (0ms)
			ReleaseScriptingObjects (0ms)
			CreateAndSetChildDomain (38ms)
		EndReloadAssembly (1908ms)
			LoadAssemblies (253ms)
			RebuildTransferFunctionScriptingTraits (0ms)
			SetupTypeCache (574ms)
			ReleaseScriptCaches (2ms)
			RebuildScriptCaches (71ms)
			SetupLoadedEditorAssemblies (845ms)
				LogAssemblyErrors (0ms)
				InitializePlatformSupportModulesInManaged (44ms)
				SetLoadedEditorAssemblies (1ms)
				RefreshPlugins (1ms)
				BeforeProcessingInitializeOnLoad (128ms)
				ProcessInitializeOnLoadAttributes (557ms)
				ProcessInitializeOnLoadMethodAttributes (91ms)
				AfterProcessingInitializeOnLoad (23ms)
				EditorAssembliesLoaded (0ms)
			ExecutionOrderSort2 (0ms)
			AwakeInstancesAfterBackupRestoration (35ms)
Platform modules already initialized, skipping
Refreshing native plugins compatible for Editor in 3.77 ms, found 3 plugins.
Preloading 0 native plugins for Editor in 0.00 ms.
Unloading 3424 Unused Serialized files (Serialized files now loaded: 0)
Unloading 22 unused Assets / (434.6 KB). Loaded Objects now: 4059.
Memory consumption went from 156.1 MB to 155.7 MB.
Total: 5.423600 ms (FindLiveObjects: 0.380400 ms CreateObjectMapping: 0.173000 ms MarkObjects: 4.372300 ms  DeleteObjects: 0.495800 ms)

AssetImportParameters requested are different than current active one (requested -> active):
  custom:video-decoder-ogg-theora: a1e56fd34408186e4bbccfd4996cb3dc -> 
  custom:container-muxer-webm: aa71ff27fc2769a1b78a27578f13a17b -> 
  custom:container-demuxer-webm: 4f35f7cbe854078d1ac9338744f61a02 -> 
  custom:video-encoder-webm-vp8: eb34c28f22e8b96e1ab97ce403110664 -> 
  custom:video-codec-MediaFoundation-h265: 746d11721c4dcdbdad8f713fa42b33f4 -> 
  custom:audio-encoder-webm-vorbis: bf7c407c2cedff20999df2af8eb42d56 -> 
  custom:framework-win-MediaFoundation: 216162199b28c13a410421893ffa2e32 -> 
  custom:container-demuxer-ogg: 62fdf1f143b41e24485cea50d1cbac27 -> 
  custom:video-decoder-webm-vp8: 9c59270c3fd7afecdb556c50c9e8de78 -> 
  custom:audio-decoder-ogg-vorbis: bf7c407c2cedff20999df2af8eb42d56 -> 
========================================================================
Received Prepare
Registering precompiled user dll's ...
Registered in 0.007906 seconds.
Begin MonoManager ReloadAssembly
Symbol file LoadedFromMemory doesn't match image C:\Samsung\Samsungfull\Library\PackageCache\com.unity.visualscripting@1.7.8\Editor\VisualScripting.Core\Dependencies\YamlDotNet\Unity.VisualScripting.YamlDotNet.dll
Symbol file LoadedFromMemory doesn't match image C:\Samsung\Samsungfull\Library\PackageCache\com.unity.visualscripting@1.7.8\Editor\VisualScripting.Core\Dependencies\DotNetZip\Unity.VisualScripting.IonicZip.dll
Native extension for WindowsStandalone target not found
Native extension for Android target not found
Refreshing native plugins compatible for Editor in 1.26 ms, found 3 plugins.
Preloading 0 native plugins for Editor in 0.00 ms.
Mono: successfully reloaded assembly
- Completed reload, in  1.903 seconds
Domain Reload Profiling:
	ReloadAssembly (1904ms)
		BeginReloadAssembly (169ms)
			ExecutionOrderSort (0ms)
			DisableScriptedObjects (8ms)
			BackupInstance (0ms)
			ReleaseScriptingObjects (0ms)
			CreateAndSetChildDomain (43ms)
		EndReloadAssembly (1608ms)
			LoadAssemblies (109ms)
			RebuildTransferFunctionScriptingTraits (0ms)
			SetupTypeCache (533ms)
			ReleaseScriptCaches (5ms)
			RebuildScriptCaches (108ms)
			SetupLoadedEditorAssemblies (705ms)
				LogAssemblyErrors (0ms)
				InitializePlatformSupportModulesInManaged (51ms)
				SetLoadedEditorAssemblies (1ms)
				RefreshPlugins (1ms)
				BeforeProcessingInitializeOnLoad (122ms)
				ProcessInitializeOnLoadAttributes (465ms)
				ProcessInitializeOnLoadMethodAttributes (54ms)
				AfterProcessingInitializeOnLoad (11ms)
				EditorAssembliesLoaded (0ms)
			ExecutionOrderSort2 (0ms)
			AwakeInstancesAfterBackupRestoration (21ms)
Platform modules already initialized, skipping
Refreshing native plugins compatible for Editor in 8.77 ms, found 3 plugins.
Preloading 0 native plugins for Editor in 0.00 ms.
Unloading 3424 Unused Serialized files (Serialized files now loaded: 0)
Unloading 22 unused Assets / (434.6 KB). Loaded Objects now: 4062.
Memory consumption went from 156.1 MB to 155.7 MB.
Total: 6.599800 ms (FindLiveObjects: 0.375100 ms CreateObjectMapping: 0.249100 ms MarkObjects: 4.879600 ms  DeleteObjects: 1.094700 ms)

AssetImportParameters requested are different than current active one (requested -> active):
  custom:video-decoder-ogg-theora: a1e56fd34408186e4bbccfd4996cb3dc -> 
  custom:container-muxer-webm: aa71ff27fc2769a1b78a27578f13a17b -> 
  custom:container-demuxer-webm: 4f35f7cbe854078d1ac9338744f61a02 -> 
  custom:video-encoder-webm-vp8: eb34c28f22e8b96e1ab97ce403110664 -> 
  custom:video-codec-MediaFoundation-h265: 746d11721c4dcdbdad8f713fa42b33f4 -> 
  custom:audio-encoder-webm-vorbis: bf7c407c2cedff20999df2af8eb42d56 -> 
  custom:framework-win-MediaFoundation: 216162199b28c13a410421893ffa2e32 -> 
  custom:container-demuxer-ogg: 62fdf1f143b41e24485cea50d1cbac27 -> 
  custom:video-decoder-webm-vp8: 9c59270c3fd7afecdb556c50c9e8de78 -> 
  custom:audio-decoder-ogg-vorbis: bf7c407c2cedff20999df2af8eb42d56 -> 
